Release 14.7 Map P.20131013 (lin64)
Xilinx Mapping Report File for Design 'pcb'

Design Information
------------------
Command Line   : map -intstyle ise -p xc3s700an-fgg484-5 -cm area -ir off -pr
off -c 100 -o pcb_map.ncd pcb.ngd pcb.pcf 
Target Device  : xc3s700an
Target Package : fgg484
Target Speed   : -5
Mapper Version : spartan3a -- $Revision: 1.55 $
Mapped Date    : Wed Aug 31 08:25:04 2016

Design Summary
--------------
Number of errors:      0
Number of warnings:   25
Logic Utilization:
  Total Number Slice Registers:         681 out of  11,776    5%
    Number used as Flip Flops:          680
    Number used as Latches:               1
  Number of 4 input LUTs:               972 out of  11,776    8%
Logic Distribution:
  Number of occupied Slices:            837 out of   5,888   14%
    Number of Slices containing only related logic:     837 out of     837 100%
    Number of Slices containing unrelated logic:          0 out of     837   0%
      *See NOTES below for an explanation of the effects of unrelated logic.
  Total Number of 4 input LUTs:       1,097 out of  11,776    9%
    Number used as logic:               871
    Number used as a route-thru:        125
    Number used as Shift registers:     101

  The Slice Logic Distribution report is not meaningful if the design is
  over-mapped for a non-slice resource or if Placement fails.

  Number of bonded IOBs:                  6 out of     372    1%
  Number of BUFGMUXs:                     4 out of      24   16%
  Number of DCMs:                         2 out of       8   25%
  Number of BSCANs:                       1 out of       1  100%
  Number of BSCAN_SPARTAN3As:             1 out of       1  100%
  Number of RAMB16BWEs:                   8 out of      20   40%

  Number of RPM macros:           12
Average Fanout of Non-Clock Nets:                3.31

Peak Memory Usage:  676 MB
Total REAL time to MAP completion:  4 secs 
Total CPU time to MAP completion:   4 secs 

NOTES:

   Related logic is defined as being logic that shares connectivity - e.g. two
   LUTs are "related" if they share common inputs.  When assembling slices,
   Map gives priority to combine logic that is related.  Doing so results in
   the best timing performance.

   Unrelated logic shares no connectivity.  Map will only begin packing
   unrelated logic into a slice once 99% of the slices are occupied through
   related logic packing.

   Note that once logic distribution reaches the 99% level through related
   logic packing, this does not mean the device is completely utilized.
   Unrelated logic packing will then begin, continuing until all usable LUTs
   and FFs are occupied.  Depending on your timing budget, increased levels of
   unrelated logic packing may adversely affect the overall timing performance
   of your design.

Table of Contents
-----------------
Section 1 - Errors
Section 2 - Warnings
Section 3 - Informational
Section 4 - Removed Logic Summary
Section 5 - Removed Logic
Section 6 - IOB Properties
Section 7 - RPMs
Section 8 - Guide Report
Section 9 - Area Group and Partition Summary
Section 10 - Timing Report
Section 11 - Configuration String Information
Section 12 - Control Set Information
Section 13 - Utilization by Hierarchy

Section 1 - Errors
------------------

Section 2 - Warnings
--------------------
WARNING:PhysDesignRules:372 - Gated clock. Clock net icon_control0<13> is
   sourced by a combinatorial pin. This is not good design practice. Use the CE
   pin to control the loading of data into the flip-flop.
WARNING:PhysDesignRules:812 - Dangling pin <DOB0> on
   block:<U_ila_pro_0/U0/I_NO_D.U_ILA/U_CAPSTOR/I_CASE1.I_NO_TB.I_RT1.U_RAM/G_BR
   AM[5].U_BRAM/ram_rt1_s1_s4_if.ram_rt1_s1_s4_i>:<RAMB16BWE_RAMB16BWE>.
WARNING:PhysDesignRules:812 - Dangling pin <DOB1> on
   block:<U_ila_pro_0/U0/I_NO_D.U_ILA/U_CAPSTOR/I_CASE1.I_NO_TB.I_RT1.U_RAM/G_BR
   AM[5].U_BRAM/ram_rt1_s1_s4_if.ram_rt1_s1_s4_i>:<RAMB16BWE_RAMB16BWE>.
WARNING:PhysDesignRules:812 - Dangling pin <DOB2> on
   block:<U_ila_pro_0/U0/I_NO_D.U_ILA/U_CAPSTOR/I_CASE1.I_NO_TB.I_RT1.U_RAM/G_BR
   AM[5].U_BRAM/ram_rt1_s1_s4_if.ram_rt1_s1_s4_i>:<RAMB16BWE_RAMB16BWE>.
WARNING:PhysDesignRules:812 - Dangling pin <DOB3> on
   block:<U_ila_pro_0/U0/I_NO_D.U_ILA/U_CAPSTOR/I_CASE1.I_NO_TB.I_RT1.U_RAM/G_BR
   AM[5].U_BRAM/ram_rt1_s1_s4_if.ram_rt1_s1_s4_i>:<RAMB16BWE_RAMB16BWE>.
WARNING:PhysDesignRules:812 - Dangling pin <DOB0> on
   block:<U_ila_pro_0/U0/I_NO_D.U_ILA/U_CAPSTOR/I_CASE1.I_NO_TB.I_RT1.U_RAM/G_BR
   AM[4].U_BRAM/ram_rt1_s1_s4_if.ram_rt1_s1_s4_i>:<RAMB16BWE_RAMB16BWE>.
WARNING:PhysDesignRules:812 - Dangling pin <DOB1> on
   block:<U_ila_pro_0/U0/I_NO_D.U_ILA/U_CAPSTOR/I_CASE1.I_NO_TB.I_RT1.U_RAM/G_BR
   AM[4].U_BRAM/ram_rt1_s1_s4_if.ram_rt1_s1_s4_i>:<RAMB16BWE_RAMB16BWE>.
WARNING:PhysDesignRules:812 - Dangling pin <DOB2> on
   block:<U_ila_pro_0/U0/I_NO_D.U_ILA/U_CAPSTOR/I_CASE1.I_NO_TB.I_RT1.U_RAM/G_BR
   AM[4].U_BRAM/ram_rt1_s1_s4_if.ram_rt1_s1_s4_i>:<RAMB16BWE_RAMB16BWE>.
WARNING:PhysDesignRules:812 - Dangling pin <DOB3> on
   block:<U_ila_pro_0/U0/I_NO_D.U_ILA/U_CAPSTOR/I_CASE1.I_NO_TB.I_RT1.U_RAM/G_BR
   AM[4].U_BRAM/ram_rt1_s1_s4_if.ram_rt1_s1_s4_i>:<RAMB16BWE_RAMB16BWE>.
WARNING:PhysDesignRules:812 - Dangling pin <DOB0> on
   block:<U_ila_pro_0/U0/I_NO_D.U_ILA/U_CAPSTOR/I_CASE1.I_NO_TB.I_RT1.U_RAM/G_BR
   AM[3].U_BRAM/ram_rt1_s1_s4_if.ram_rt1_s1_s4_i>:<RAMB16BWE_RAMB16BWE>.
WARNING:PhysDesignRules:812 - Dangling pin <DOB1> on
   block:<U_ila_pro_0/U0/I_NO_D.U_ILA/U_CAPSTOR/I_CASE1.I_NO_TB.I_RT1.U_RAM/G_BR
   AM[3].U_BRAM/ram_rt1_s1_s4_if.ram_rt1_s1_s4_i>:<RAMB16BWE_RAMB16BWE>.
WARNING:PhysDesignRules:812 - Dangling pin <DOB2> on
   block:<U_ila_pro_0/U0/I_NO_D.U_ILA/U_CAPSTOR/I_CASE1.I_NO_TB.I_RT1.U_RAM/G_BR
   AM[3].U_BRAM/ram_rt1_s1_s4_if.ram_rt1_s1_s4_i>:<RAMB16BWE_RAMB16BWE>.
WARNING:PhysDesignRules:812 - Dangling pin <DOB3> on
   block:<U_ila_pro_0/U0/I_NO_D.U_ILA/U_CAPSTOR/I_CASE1.I_NO_TB.I_RT1.U_RAM/G_BR
   AM[3].U_BRAM/ram_rt1_s1_s4_if.ram_rt1_s1_s4_i>:<RAMB16BWE_RAMB16BWE>.
WARNING:PhysDesignRules:812 - Dangling pin <DOB0> on
   block:<U_ila_pro_0/U0/I_NO_D.U_ILA/U_CAPSTOR/I_CASE1.I_NO_TB.I_RT1.U_RAM/G_BR
   AM[2].U_BRAM/ram_rt1_s1_s4_if.ram_rt1_s1_s4_i>:<RAMB16BWE_RAMB16BWE>.
WARNING:PhysDesignRules:812 - Dangling pin <DOB1> on
   block:<U_ila_pro_0/U0/I_NO_D.U_ILA/U_CAPSTOR/I_CASE1.I_NO_TB.I_RT1.U_RAM/G_BR
   AM[2].U_BRAM/ram_rt1_s1_s4_if.ram_rt1_s1_s4_i>:<RAMB16BWE_RAMB16BWE>.
WARNING:PhysDesignRules:812 - Dangling pin <DOB2> on
   block:<U_ila_pro_0/U0/I_NO_D.U_ILA/U_CAPSTOR/I_CASE1.I_NO_TB.I_RT1.U_RAM/G_BR
   AM[2].U_BRAM/ram_rt1_s1_s4_if.ram_rt1_s1_s4_i>:<RAMB16BWE_RAMB16BWE>.
WARNING:PhysDesignRules:812 - Dangling pin <DOB3> on
   block:<U_ila_pro_0/U0/I_NO_D.U_ILA/U_CAPSTOR/I_CASE1.I_NO_TB.I_RT1.U_RAM/G_BR
   AM[2].U_BRAM/ram_rt1_s1_s4_if.ram_rt1_s1_s4_i>:<RAMB16BWE_RAMB16BWE>.
WARNING:PhysDesignRules:812 - Dangling pin <DOB0> on
   block:<U_ila_pro_0/U0/I_NO_D.U_ILA/U_CAPSTOR/I_CASE1.I_NO_TB.I_RT1.U_RAM/G_BR
   AM[1].U_BRAM/ram_rt1_s1_s4_if.ram_rt1_s1_s4_i>:<RAMB16BWE_RAMB16BWE>.
WARNING:PhysDesignRules:812 - Dangling pin <DOB1> on
   block:<U_ila_pro_0/U0/I_NO_D.U_ILA/U_CAPSTOR/I_CASE1.I_NO_TB.I_RT1.U_RAM/G_BR
   AM[1].U_BRAM/ram_rt1_s1_s4_if.ram_rt1_s1_s4_i>:<RAMB16BWE_RAMB16BWE>.
WARNING:PhysDesignRules:812 - Dangling pin <DOB2> on
   block:<U_ila_pro_0/U0/I_NO_D.U_ILA/U_CAPSTOR/I_CASE1.I_NO_TB.I_RT1.U_RAM/G_BR
   AM[1].U_BRAM/ram_rt1_s1_s4_if.ram_rt1_s1_s4_i>:<RAMB16BWE_RAMB16BWE>.
WARNING:PhysDesignRules:812 - Dangling pin <DOB3> on
   block:<U_ila_pro_0/U0/I_NO_D.U_ILA/U_CAPSTOR/I_CASE1.I_NO_TB.I_RT1.U_RAM/G_BR
   AM[1].U_BRAM/ram_rt1_s1_s4_if.ram_rt1_s1_s4_i>:<RAMB16BWE_RAMB16BWE>.
WARNING:PhysDesignRules:812 - Dangling pin <DOB0> on
   block:<U_ila_pro_0/U0/I_NO_D.U_ILA/U_CAPSTOR/I_CASE1.I_NO_TB.I_RT1.U_RAM/G_BR
   AM[0].U_BRAM/ram_rt1_s1_s4_if.ram_rt1_s1_s4_i>:<RAMB16BWE_RAMB16BWE>.
WARNING:PhysDesignRules:812 - Dangling pin <DOB1> on
   block:<U_ila_pro_0/U0/I_NO_D.U_ILA/U_CAPSTOR/I_CASE1.I_NO_TB.I_RT1.U_RAM/G_BR
   AM[0].U_BRAM/ram_rt1_s1_s4_if.ram_rt1_s1_s4_i>:<RAMB16BWE_RAMB16BWE>.
WARNING:PhysDesignRules:812 - Dangling pin <DOB2> on
   block:<U_ila_pro_0/U0/I_NO_D.U_ILA/U_CAPSTOR/I_CASE1.I_NO_TB.I_RT1.U_RAM/G_BR
   AM[0].U_BRAM/ram_rt1_s1_s4_if.ram_rt1_s1_s4_i>:<RAMB16BWE_RAMB16BWE>.
WARNING:PhysDesignRules:812 - Dangling pin <DOB3> on
   block:<U_ila_pro_0/U0/I_NO_D.U_ILA/U_CAPSTOR/I_CASE1.I_NO_TB.I_RT1.U_RAM/G_BR
   AM[0].U_BRAM/ram_rt1_s1_s4_if.ram_rt1_s1_s4_i>:<RAMB16BWE_RAMB16BWE>.

Section 3 - Informational
-------------------------
INFO:LIT:243 - Logical network N4 has no load.
INFO:LIT:395 - The above info message is repeated 26 more times for the
   following (max. 5 shown):
   N5,
   icon_control0<10>,
   icon_control0<11>,
   icon_control0<15>,
   icon_control0<21>
   To see the details of these info messages, please use the -detail switch.
INFO:MapLib:562 - No environment variables are currently set.
INFO:MapLib:159 - Net Timing constraints on signal CLK_50M are pushed forward
   through input buffer.
INFO:LIT:244 - All of the single ended outputs in this design are using slew
   rate limited output drivers. The delay on speed critical single ended outputs
   can be dramatically reduced by designating them as fast outputs.

Section 4 - Removed Logic Summary
---------------------------------
  66 block(s) removed
  37 block(s) optimized away
  46 signal(s) removed

Section 5 - Removed Logic
-------------------------

The trimmed logic report below shows the logic removed from your design due to
sourceless or loadless signals, and VCC or ground connections.  If the removal
of a signal or symbol results in the subsequent removal of an additional signal
or symbol, the message explaining that second removal will be indented.  This
indentation will be repeated as a chain of related logic is removed.

To quickly locate the original cause for the removal of a chain of logic, look
above the place where that logic is listed in the trimming report, then locate
the lines that are least indented (begin at the leftmost edge).

The signal "icon_control0<10>" is loadless and has been removed.
 Loadless block "U_icon_pro/U0/U_ICON/U_CTRL_OUT/F_NCP[0].F_CMD[6].U_LCE" (ROM)
removed.
  The signal "U_icon_pro/U0/U_ICON/iCOMMAND_SEL<6>" is loadless and has been
removed.
   Loadless block "U_icon_pro/U0/U_ICON/U_CMD/U_COMMAND_SEL/I4.FI[6].U_LUT" (ROM)
removed.
The signal "icon_control0<11>" is loadless and has been removed.
 Loadless block "U_icon_pro/U0/U_ICON/U_CTRL_OUT/F_NCP[0].F_CMD[7].U_LCE" (ROM)
removed.
  The signal "U_icon_pro/U0/U_ICON/iCOMMAND_SEL<7>" is loadless and has been
removed.
   Loadless block "U_icon_pro/U0/U_ICON/U_CMD/U_COMMAND_SEL/I4.FI[7].U_LUT" (ROM)
removed.
The signal "icon_control0<15>" is loadless and has been removed.
 Loadless block "U_icon_pro/U0/U_ICON/U_CTRL_OUT/F_NCP[0].F_CMD[11].U_LCE" (ROM)
removed.
  The signal "U_icon_pro/U0/U_ICON/iCOMMAND_SEL<11>" is loadless and has been
removed.
   Loadless block "U_icon_pro/U0/U_ICON/U_CMD/U_COMMAND_SEL/I4.FI[11].U_LUT" (ROM)
removed.
The signal "icon_control0<21>" is loadless and has been removed.
 Loadless block "U_icon_pro/U0/U_ICON/U_CTRL_OUT/F_NCP[0].F_CMD[1].U_HCE" (ROM)
removed.
The signal "icon_control0<16>" is loadless and has been removed.
 Loadless block "U_icon_pro/U0/U_ICON/U_CTRL_OUT/F_NCP[0].F_CMD[12].U_LCE" (ROM)
removed.
  The signal "U_icon_pro/U0/U_ICON/iCOMMAND_SEL<12>" is loadless and has been
removed.
   Loadless block "U_icon_pro/U0/U_ICON/U_CMD/U_COMMAND_SEL/I4.FI[12].U_LUT" (ROM)
removed.
The signal "icon_control0<22>" is loadless and has been removed.
 Loadless block "U_icon_pro/U0/U_ICON/U_CTRL_OUT/F_NCP[0].F_CMD[2].U_HCE" (ROM)
removed.
The signal "icon_control0<17>" is loadless and has been removed.
 Loadless block "U_icon_pro/U0/U_ICON/U_CTRL_OUT/F_NCP[0].F_CMD[13].U_LCE" (ROM)
removed.
  The signal "U_icon_pro/U0/U_ICON/iCOMMAND_SEL<13>" is loadless and has been
removed.
   Loadless block "U_icon_pro/U0/U_ICON/U_CMD/U_COMMAND_SEL/I4.FI[13].U_LUT" (ROM)
removed.
The signal "icon_control0<23>" is loadless and has been removed.
 Loadless block "U_icon_pro/U0/U_ICON/U_CTRL_OUT/F_NCP[0].F_CMD[3].U_HCE" (ROM)
removed.
  The signal "U_icon_pro/U0/U_ICON/iCOMMAND_SEL<3>" is loadless and has been
removed.
   Loadless block "U_icon_pro/U0/U_ICON/U_CMD/U_COMMAND_SEL/I4.FI[3].U_LUT" (ROM)
removed.
The signal "icon_control0<18>" is loadless and has been removed.
 Loadless block "U_icon_pro/U0/U_ICON/U_CTRL_OUT/F_NCP[0].F_CMD[14].U_LCE" (ROM)
removed.
  The signal "U_icon_pro/U0/U_ICON/iCOMMAND_SEL<14>" is loadless and has been
removed.
   Loadless block "U_icon_pro/U0/U_ICON/U_CMD/U_COMMAND_SEL/I4.FI[14].U_LUT" (ROM)
removed.
The signal "icon_control0<24>" is loadless and has been removed.
 Loadless block "U_icon_pro/U0/U_ICON/U_CTRL_OUT/F_NCP[0].F_CMD[4].U_HCE" (ROM)
removed.
The signal "icon_control0<30>" is loadless and has been removed.
 Loadless block "U_icon_pro/U0/U_ICON/U_CTRL_OUT/F_NCP[0].F_CMD[10].U_HCE" (ROM)
removed.
The signal "icon_control0<25>" is loadless and has been removed.
 Loadless block "U_icon_pro/U0/U_ICON/U_CTRL_OUT/F_NCP[0].F_CMD[5].U_HCE" (ROM)
removed.
The signal "icon_control0<31>" is loadless and has been removed.
 Loadless block "U_icon_pro/U0/U_ICON/U_CTRL_OUT/F_NCP[0].F_CMD[11].U_HCE" (ROM)
removed.
The signal "icon_control0<26>" is loadless and has been removed.
 Loadless block "U_icon_pro/U0/U_ICON/U_CTRL_OUT/F_NCP[0].F_CMD[6].U_HCE" (ROM)
removed.
The signal "icon_control0<32>" is loadless and has been removed.
 Loadless block "U_icon_pro/U0/U_ICON/U_CTRL_OUT/F_NCP[0].F_CMD[12].U_HCE" (ROM)
removed.
The signal "icon_control0<7>" is loadless and has been removed.
 Loadless block "U_icon_pro/U0/U_ICON/U_CTRL_OUT/F_NCP[0].F_CMD[3].U_LCE" (ROM)
removed.
The signal "icon_control0<27>" is loadless and has been removed.
 Loadless block "U_icon_pro/U0/U_ICON/U_CTRL_OUT/F_NCP[0].F_CMD[7].U_HCE" (ROM)
removed.
The signal "icon_control0<33>" is loadless and has been removed.
 Loadless block "U_icon_pro/U0/U_ICON/U_CTRL_OUT/F_NCP[0].F_CMD[13].U_HCE" (ROM)
removed.
The signal "icon_control0<28>" is loadless and has been removed.
 Loadless block "U_icon_pro/U0/U_ICON/U_CTRL_OUT/F_NCP[0].F_CMD[8].U_HCE" (ROM)
removed.
The signal "icon_control0<34>" is loadless and has been removed.
 Loadless block "U_icon_pro/U0/U_ICON/U_CTRL_OUT/F_NCP[0].F_CMD[14].U_HCE" (ROM)
removed.
The signal "icon_control0<29>" is loadless and has been removed.
 Loadless block "U_icon_pro/U0/U_ICON/U_CTRL_OUT/F_NCP[0].F_CMD[9].U_HCE" (ROM)
removed.
The signal "icon_control0<35>" is loadless and has been removed.
 Loadless block "U_icon_pro/U0/U_ICON/U_CTRL_OUT/F_NCP[0].F_CMD[15].U_HCE" (ROM)
removed.
Loadless block "U_icon_pro/U0/U_ICON/U_CMD/U_CORE_ID_SEL/I4.FI[10].U_LUT" (ROM)
removed.
Loadless block "U_icon_pro/U0/U_ICON/U_CMD/U_CORE_ID_SEL/I4.FI[11].U_LUT" (ROM)
removed.
Loadless block "U_icon_pro/U0/U_ICON/U_CMD/U_CORE_ID_SEL/I4.FI[12].U_LUT" (ROM)
removed.
Loadless block "U_icon_pro/U0/U_ICON/U_CMD/U_CORE_ID_SEL/I4.FI[13].U_LUT" (ROM)
removed.
Loadless block "U_icon_pro/U0/U_ICON/U_CMD/U_CORE_ID_SEL/I4.FI[14].U_LUT" (ROM)
removed.
Loadless block "U_icon_pro/U0/U_ICON/U_CMD/U_CORE_ID_SEL/I4.FI[1].U_LUT" (ROM)
removed.
Loadless block "U_icon_pro/U0/U_ICON/U_CMD/U_CORE_ID_SEL/I4.FI[2].U_LUT" (ROM)
removed.
Loadless block "U_icon_pro/U0/U_ICON/U_CMD/U_CORE_ID_SEL/I4.FI[3].U_LUT" (ROM)
removed.
Loadless block "U_icon_pro/U0/U_ICON/U_CMD/U_CORE_ID_SEL/I4.FI[4].U_LUT" (ROM)
removed.
Loadless block "U_icon_pro/U0/U_ICON/U_CMD/U_CORE_ID_SEL/I4.FI[5].U_LUT" (ROM)
removed.
Loadless block "U_icon_pro/U0/U_ICON/U_CMD/U_CORE_ID_SEL/I4.FI[6].U_LUT" (ROM)
removed.
Loadless block "U_icon_pro/U0/U_ICON/U_CMD/U_CORE_ID_SEL/I4.FI[7].U_LUT" (ROM)
removed.
Loadless block "U_icon_pro/U0/U_ICON/U_CMD/U_CORE_ID_SEL/I4.FI[8].U_LUT" (ROM)
removed.
Loadless block "U_icon_pro/U0/U_ICON/U_CMD/U_CORE_ID_SEL/I4.FI[9].U_LUT" (ROM)
removed.
Loadless block "U_ila_pro_0/U0/I_NO_D.U_ILA/U_STAT/U_DSR" (ROM) removed.
Loadless block "U_ila_pro_0/U0/I_NO_D.U_ILA/U_TRIG/U_TC/I_STORAGE_QUAL.U_CAP_B"
(ROM) removed.
The signal "uart_inst/uart_fifo_rx/almost_full" is sourceless and has been
removed.
 Sourceless block
"uart_inst/uart_fifo_rx/BU2/U0/grf.rf/gl0.wr/gwss.wsts/ram_afull_i_or0000" (ROM)
removed.
  The signal
"uart_inst/uart_fifo_rx/BU2/U0/grf.rf/gl0.wr/gwss.wsts/ram_afull_i_or0000" is
sourceless and has been removed.
   Sourceless block
"uart_inst/uart_fifo_rx/BU2/U0/grf.rf/gl0.wr/gwss.wsts/ram_afull_i" (FF)
removed.
The signal "uart_inst/uart_fifo_rx/full" is sourceless and has been removed.
The signal "uart_inst/uart_fifo_rx/BU2/U0/grf.rf/gl0.wr/gwss.wsts/gaf.c2/v1(0)"
is sourceless and has been removed.
 Sourceless block
"uart_inst/uart_fifo_rx/BU2/U0/grf.rf/gl0.wr/gwss.wsts/gaf.c2/gmux.gm[0].gm1.m1"
(MUX) removed.
  The signal
"uart_inst/uart_fifo_rx/BU2/U0/grf.rf/gl0.wr/gwss.wsts/gaf.c2/carrynet(0)" is
sourceless and has been removed.
   Sourceless block
"uart_inst/uart_fifo_rx/BU2/U0/grf.rf/gl0.wr/gwss.wsts/gaf.c2/gmux.gm[1].gms.ms"
(MUX) removed.
    The signal
"uart_inst/uart_fifo_rx/BU2/U0/grf.rf/gl0.wr/gwss.wsts/gaf.c2/carrynet(1)" is
sourceless and has been removed.
     Sourceless block
"uart_inst/uart_fifo_rx/BU2/U0/grf.rf/gl0.wr/gwss.wsts/gaf.c2/gmux.gm[2].gms.ms"
(MUX) removed.
      The signal
"uart_inst/uart_fifo_rx/BU2/U0/grf.rf/gl0.wr/gwss.wsts/gaf.c2/carrynet(2)" is
sourceless and has been removed.
       Sourceless block
"uart_inst/uart_fifo_rx/BU2/U0/grf.rf/gl0.wr/gwss.wsts/gaf.c2/gmux.gm[3].gms.ms"
(MUX) removed.
        The signal
"uart_inst/uart_fifo_rx/BU2/U0/grf.rf/gl0.wr/gwss.wsts/gaf.c2/carrynet(3)" is
sourceless and has been removed.
         Sourceless block
"uart_inst/uart_fifo_rx/BU2/U0/grf.rf/gl0.wr/gwss.wsts/gaf.c2/gmux.gm[4].gms.ms"
(MUX) removed.
          The signal "uart_inst/uart_fifo_rx/BU2/U0/grf.rf/gl0.wr/gwss.wsts/comp2" is
sourceless and has been removed.
           Sourceless block
"uart_inst/uart_fifo_rx/BU2/U0/grf.rf/gl0.wr/gwss.wsts/ram_afull_i_or0000_SW0"
(ROM) removed.
            The signal "uart_inst/uart_fifo_rx/BU2/N4" is sourceless and has been removed.
The signal "uart_inst/uart_fifo_rx/BU2/U0/grf.rf/gl0.wr/gwss.wsts/gaf.c2/v1(1)"
is sourceless and has been removed.
The signal "uart_inst/uart_fifo_rx/BU2/U0/grf.rf/gl0.wr/gwss.wsts/gaf.c2/v1(2)"
is sourceless and has been removed.
The signal "uart_inst/uart_fifo_rx/BU2/U0/grf.rf/gl0.wr/gwss.wsts/gaf.c2/v1(3)"
is sourceless and has been removed.
The signal "uart_inst/uart_fifo_rx/BU2/U0/grf.rf/gl0.wr/gwss.wsts/gaf.c2/v1(4)"
is sourceless and has been removed.
The signal
"uart_inst/uart_fifo_rx/BU2/U0/grf.rf/gl0.wr/gwss.wsts/ram_afull_i_or0000_SW1/O"
is sourceless and has been removed.
The signal "ps2_host_top_inst/ps2_host_rxtx_inst/ps2_host_tx_inst/state_nxt<0>"
is sourceless and has been removed.
The signal "ps2_host_top_inst/ps2_host_rxtx_inst/ps2_host_tx_inst/state_nxt<2>"
is sourceless and has been removed.
Unused block
"ps2_host_top_inst/ps2_host_rxtx_inst/ps2_host_tx_inst/state_nxt<0>59" (ROM)
removed.
Unused block
"ps2_host_top_inst/ps2_host_rxtx_inst/ps2_host_tx_inst/state_nxt<2>48" (ROM)
removed.
Unused block
"uart_inst/uart_fifo_rx/BU2/U0/grf.rf/gl0.wr/gwss.wsts/gaf.c2/v1_0_and00001"
(ROM) removed.
Unused block
"uart_inst/uart_fifo_rx/BU2/U0/grf.rf/gl0.wr/gwss.wsts/gaf.c2/v1_1_and00001"
(ROM) removed.
Unused block
"uart_inst/uart_fifo_rx/BU2/U0/grf.rf/gl0.wr/gwss.wsts/gaf.c2/v1_2_and00001"
(ROM) removed.
Unused block
"uart_inst/uart_fifo_rx/BU2/U0/grf.rf/gl0.wr/gwss.wsts/gaf.c2/v1_3_and00001"
(ROM) removed.
Unused block
"uart_inst/uart_fifo_rx/BU2/U0/grf.rf/gl0.wr/gwss.wsts/gaf.c2/v1_4_and00001"
(ROM) removed.
Unused block
"uart_inst/uart_fifo_rx/BU2/U0/grf.rf/gl0.wr/gwss.wsts/ram_afull_i_or0000_SW1"
(ROM) removed.
Unused block "uart_inst/uart_fifo_rx/BU2/U0/grf.rf/gl0.wr/gwss.wsts/ram_full_i"
(FF) removed.
Unused block "uart_inst/uart_fifo_rx/GND" (ZERO) removed.
Unused block "uart_inst/uart_fifo_rx/VCC" (ONE) removed.
Unused block "uart_inst/uart_fifo_tx/GND" (ZERO) removed.
Unused block "uart_inst/uart_fifo_tx/VCC" (ONE) removed.

Optimized Block(s):
TYPE 		BLOCK
GND 		U_icon_pro/XST_GND
VCC 		U_icon_pro/XST_VCC
LUT4 		U_ila_pro_0/U0/I_NO_D.U_ILA/U_STAT/F_SSTAT[6].I_STAT.U_STAT
   optimized to 0
GND 		U_ila_pro_0/XST_GND
VCC 		U_ila_pro_0/XST_VCC
GND 		XST_GND
VCC 		XST_VCC
GND 		ps2_host_top_inst/XST_GND
VCC 		ps2_host_top_inst/XST_VCC
GND 		uart_inst/XST_GND
VCC 		uart_inst/XST_VCC
GND 		uart_inst/uart_fifo_rx/BU2/XST_GND
VCC 		uart_inst/uart_fifo_rx/BU2/XST_VCC
GND 		uart_inst/uart_fifo_tx/BU2/XST_GND
VCC 		uart_inst/uart_fifo_tx/BU2/XST_VCC

To enable printing of redundant blocks removed and signals merged, set the
detailed map report option and rerun map.

Section 6 - IOB Properties
--------------------------

+-------------------------------------------------------------------------------------------------------------------------------------------------------------------------------+
| IOB Name                           | Type             | Direction | IO Standard          | Diff  | Drive    | Slew    | Reg (s)      | Resistor | IBUF/IFD | SUSPEND          |
|                                    |                  |           |                      | Term  | Strength | Rate    |              |          | Delay    |                  |
+-------------------------------------------------------------------------------------------------------------------------------------------------------------------------------+
| BTN_SOUTH                          | IBUF             | INPUT     | LVCMOS33             |       |          |         |              | PULLDOWN | 0 / 0    |                  |
| CLK_50M                            | IBUF             | INPUT     | LVCMOS33             |       |          |         |              |          | 0 / 0    |                  |
| PS2_CLK1                           | IOB              | BIDIR     | LVCMOS33             |       | 8        | SLOW    |              |          | 0 / 0    | 3STATE           |
| PS2_DATA1                          | IOB              | BIDIR     | LVCMOS33             |       | 8        | SLOW    |              |          | 0 / 0    | 3STATE           |
| RS232_DCE_RXD                      | IBUF             | INPUT     | LVCMOS33             |       |          |         |              |          | 0 / 0    |                  |
| RS232_DCE_TXD                      | IOB              | OUTPUT    | LVCMOS33             |       | 8        | SLOW    |              |          | 0 / 0    | 3STATE           |
+-------------------------------------------------------------------------------------------------------------------------------------------------------------------------------+

Section 7 - RPMs
----------------
U_ila_pro_0/U0_I_NO_D.U_ILA/U_G2_SQ.U_CAPCTRL_I_SRLT_NE_1.U_CDONE_MSET
U_ila_pro_0/U0_I_NO_D.U_ILA/U_G2_SQ.U_CAPCTRL_I_SRLT_NE_1.U_CMPRESET_MSET
U_ila_pro_0/U0_I_NO_D.U_ILA/U_G2_SQ.U_CAPCTRL_I_SRLT_NE_1.U_NS0_MSET
U_ila_pro_0/U0_I_NO_D.U_ILA/U_G2_SQ.U_CAPCTRL_I_SRLT_NE_1.U_NS1_MSET
U_ila_pro_0/U0_I_NO_D.U_ILA/U_G2_SQ.U_CAPCTRL_I_SRLT_NE_1.U_SCMPCE_MSET
U_ila_pro_0/U0_I_NO_D.U_ILA/U_G2_SQ.U_CAPCTRL_I_SRLT_NE_1.U_SCRST_MSET
U_ila_pro_0/U0_I_NO_D.U_ILA/U_G2_SQ.U_CAPCTRL_I_SRLT_NE_1.U_WHCMPCE_MSET
U_ila_pro_0/U0_I_NO_D.U_ILA/U_G2_SQ.U_CAPCTRL_I_SRLT_NE_1.U_WLCMPCE_MSET
U_ila_pro_0/U0_I_NO_D.U_ILA/U_G2_SQ.U_CAPCTRL_U_CAP_ADDRGEN_U_SCNT_CMP_I_SRL16.U
_GAND_SRL16_MSET
U_ila_pro_0/U0_I_NO_D.U_ILA/U_G2_SQ.U_CAPCTRL_U_CAP_ADDRGEN_U_WCNT_HCMP_I_SRL16.
U_GAND_SRL16_MSET
U_ila_pro_0/U0_I_NO_D.U_ILA/U_G2_SQ.U_CAPCTRL_U_CAP_ADDRGEN_U_WCNT_LCMP_I_SRL16.
U_GAND_SRL16_MSET
U_ila_pro_0/U0_I_NO_D.U_ILA/U_TRIG/U_TM/G_NMU[0].U_M/U_MU/I_MUT_GANDX.U_match/I_
SRL16.U_GANDX_SRL16_MSET

Section 8 - Guide Report
------------------------
Guide not run on this design.

Section 9 - Area Group and Partition Summary
--------------------------------------------

Partition Implementation Status
-------------------------------

  No Partitions were found in this design.

-------------------------------

Area Group Information
----------------------

  No area groups were found in this design.

----------------------

Section 10 - Timing Report
--------------------------
This design was not run using timing mode.

Section 11 - Configuration String Details
-----------------------------------------
Use the "-detail" map option to print out Configuration Strings

Section 12 - Control Set Information
------------------------------------
No control set information for this architecture.

Section 13 - Utilization by Hierarchy
-------------------------------------
Use the "-detail" map option to print out the Utilization by Hierarchy section.
